  Classroom.cpp
  Course_Schedule_pt.cpp
c:\genetic algortihm\course_schedule_pt_6_18\course_schedule_pt_6_18\course_schedule_pt\Schedule.h(78): warning C4267: 'return': conversion from 'size_t' to 'int', possible loss of data
c:\genetic algortihm\course_schedule_pt_6_18\course_schedule_pt_6_18\course_schedule_pt\Population.h(110): warning C4267: 'return': conversion from 'size_t' to 'int', possible loss of data
  Interaction.cpp
c:\genetic algortihm\course_schedule_pt_6_18\course_schedule_pt_6_18\course_schedule_pt\Schedule.h(78): warning C4267: 'return': conversion from 'size_t' to 'int', possible loss of data
c:\genetic algortihm\course_schedule_pt_6_18\course_schedule_pt_6_18\course_schedule_pt\Population.h(110): warning C4267: 'return': conversion from 'size_t' to 'int', possible loss of data
Interaction.cpp(39): warning C4267: 'argument': conversion from 'size_t' to 'int', possible loss of data
Interaction.cpp(53): warning C4267: 'argument': conversion from 'size_t' to 'const int', possible loss of data
Interaction.cpp(117): warning C4267: 'argument': conversion from 'size_t' to 'int', possible loss of data
Interaction.cpp(127): warning C4267: 'argument': conversion from 'size_t' to 'int', possible loss of data
Interaction.cpp(147): warning C4267: 'argument': conversion from 'size_t' to 'int', possible loss of data
Interaction.cpp(495): warning C4267: 'argument': conversion from 'size_t' to 'int', possible loss of data
  Population.cpp
c:\genetic algortihm\course_schedule_pt_6_18\course_schedule_pt_6_18\course_schedule_pt\Schedule.h(78): warning C4267: 'return': conversion from 'size_t' to 'int', possible loss of data
c:\genetic algortihm\course_schedule_pt_6_18\course_schedule_pt_6_18\course_schedule_pt\Population.h(110): warning C4267: 'return': conversion from 'size_t' to 'int', possible loss of data
Population.cpp(265): warning C4267: 'initializing': conversion from 'size_t' to 'int', possible loss of data
Population.cpp(504): warning C4267: 'initializing': conversion from 'size_t' to 'int', possible loss of data
Population.cpp(512): warning C4267: 'initializing': conversion from 'size_t' to 'int', possible loss of data
Population.cpp(523): warning C4267: 'initializing': conversion from 'size_t' to 'int', possible loss of data
Population.cpp(557): warning C4267: 'initializing': conversion from 'size_t' to 'int', possible loss of data
Population.cpp(605): warning C4267: 'initializing': conversion from 'size_t' to 'int', possible loss of data
Population.cpp(662): warning C4267: 'initializing': conversion from 'size_t' to 'int', possible loss of data
Population.cpp(805): warning C4267: 'return': conversion from 'size_t' to 'int', possible loss of data
Population.cpp(807): warning C4267: 'return': conversion from 'size_t' to 'int', possible loss of data
Population.cpp(809): warning C4267: 'return': conversion from 'size_t' to 'int', possible loss of data
Population.cpp(821): warning C4267: 'return': conversion from 'size_t' to 'int', possible loss of data
Population.cpp(835): warning C4267: 'return': conversion from 'size_t' to 'int', possible loss of data
Population.cpp(838): warning C4267: 'initializing': conversion from 'size_t' to 'int', possible loss of data
Population.cpp(848): warning C4267: 'return': conversion from 'size_t' to 'int', possible loss of data
Population.cpp(850): warning C4267: 'initializing': conversion from 'size_t' to 'int', possible loss of data
Population.cpp(867): warning C4267: 'return': conversion from 'size_t' to 'int', possible loss of data
Population.cpp(928): warning C4267: 'initializing': conversion from 'size_t' to 'int', possible loss of data
Population.cpp(936): warning C4996: 'fopen': This function or variable may be unsafe. Consider using fopen_s instead. To disable deprecation, use _CRT_SECURE_NO_WARNINGS. See online help for details.
  C:\Program Files (x86)\Windows Kits\10\Include\10.0.15063.0\ucrt\stdio.h(207): note: see declaration of 'fopen'
Population.cpp(1068): warning C4267: 'initializing': conversion from 'size_t' to 'int', possible loss of data
Population.cpp(1076): warning C4996: 'fopen': This function or variable may be unsafe. Consider using fopen_s instead. To disable deprecation, use _CRT_SECURE_NO_WARNINGS. See online help for details.
  C:\Program Files (x86)\Windows Kits\10\Include\10.0.15063.0\ucrt\stdio.h(207): note: see declaration of 'fopen'
  Schedule.cpp
c:\genetic algortihm\course_schedule_pt_6_18\course_schedule_pt_6_18\course_schedule_pt\Schedule.h(78): warning C4267: 'return': conversion from 'size_t' to 'int', possible loss of data
Schedule.cpp(65): warning C4267: '=': conversion from 'size_t' to 'int', possible loss of data
Schedule.cpp(89): warning C4267: '=': conversion from 'size_t' to 'int', possible loss of data
Schedule.cpp(156): warning C4267: 'initializing': conversion from 'size_t' to 'int', possible loss of data
  reproduceFun.cpp
c:\genetic algortihm\course_schedule_pt_6_18\course_schedule_pt_6_18\course_schedule_pt\Schedule.h(78): warning C4267: 'return': conversion from 'size_t' to 'int', possible loss of data
c:\genetic algortihm\course_schedule_pt_6_18\course_schedule_pt_6_18\course_schedule_pt\Population.h(110): warning C4267: 'return': conversion from 'size_t' to 'int', possible loss of data
reproduceFun.cpp(26): warning C4267: 'initializing': conversion from 'size_t' to 'int', possible loss of data
reproduceFun.cpp(97): warning C4267: '=': conversion from 'size_t' to 'int', possible loss of data
C:\Program Files (x86)\Microsoft Visual Studio\2017\Community\VC\Tools\MSVC\14.10.25017\include\utility(189): warning C4267: 'initializing': conversion from 'size_t' to 'int', possible loss of data
  reproduceFun.cpp(10): note: see reference to function template instantiation 'std::pair<double,int>::pair<_Ty&,size_t&,void,0>(_Other1,_Other2) noexcept' being compiled
          with
          [
              _Ty=double,
              _Other1=double &,
              _Other2=size_t &
          ]
  reproduceFun.cpp(10): note: see reference to function template instantiation 'std::pair<double,int>::pair<_Ty&,size_t&,void,0>(_Other1,_Other2) noexcept' being compiled
          with
          [
              _Ty=double,
              _Other1=double &,
              _Other2=size_t &
          ]
  Generating code
  24 of 3052 functions ( 0.8%) were compiled, the rest were copied from previous compilation.
    0 functions were new in current compilation
    45 functions had inline decision re-evaluated but remain unchanged
  Finished generating code
  Course_Schedule_pt.vcxproj -> C:\Genetic Algortihm\Course_Schedule_pt_6_18\Course_Schedule_pt_6_18\x64\Release\Course_Schedule_pt.exe
