c:\workspace\cpp project\generic\course_schedule_pt_6_18_latest\course_schedule_pt\debug\course_schedule_pt.pch
c:\workspace\cpp project\generic\course_schedule_pt_6_18_latest\course_schedule_pt\debug\vc141.pdb
c:\workspace\cpp project\generic\course_schedule_pt_6_18_latest\course_schedule_pt\debug\vc141.idb
c:\workspace\cpp project\generic\course_schedule_pt_6_18_latest\course_schedule_pt\debug\stdafx.obj
c:\workspace\cpp project\generic\course_schedule_pt_6_18_latest\course_schedule_pt\debug\course_class.obj
c:\workspace\cpp project\generic\course_schedule_pt_6_18_latest\course_schedule_pt\debug\interaction.obj
c:\workspace\cpp project\generic\course_schedule_pt_6_18_latest\course_schedule_pt\debug\population.obj
c:\workspace\cpp project\generic\course_schedule_pt_6_18_latest\course_schedule_pt\debug\classes.obj
c:\workspace\cpp project\generic\course_schedule_pt_6_18_latest\course_schedule_pt\debug\classroom.obj
c:\workspace\cpp project\generic\course_schedule_pt_6_18_latest\course_schedule_pt\debug\course.obj
c:\workspace\cpp project\generic\course_schedule_pt_6_18_latest\course_schedule_pt\debug\course_schedule_pt.obj
c:\workspace\cpp project\generic\course_schedule_pt_6_18_latest\course_schedule_pt\debug\professor.obj
c:\workspace\cpp project\generic\course_schedule_pt_6_18_latest\course_schedule_pt\debug\schedule.obj
c:\workspace\cpp project\generic\course_schedule_pt_6_18_latest\course_schedule_pt\debug\reproducefun.obj
c:\workspace\cpp project\generic\course_schedule_pt_6_18_latest\debug\course_schedule_pt.ilk
c:\workspace\cpp project\generic\course_schedule_pt_6_18_latest\debug\course_schedule_pt.exe
c:\workspace\cpp project\generic\course_schedule_pt_6_18_latest\debug\course_schedule_pt.pdb
c:\workspace\cpp project\generic\course_schedule_pt_6_18_latest\course_schedule_pt\debug\course_schedule_pt.res
c:\workspace\cpp project\generic\course_schedule_pt_6_18_latest\course_schedule_pt\debug\course_s.ddf86b6d.tlog\cl.command.1.tlog
c:\workspace\cpp project\generic\course_schedule_pt_6_18_latest\course_schedule_pt\debug\course_s.ddf86b6d.tlog\cl.read.1.tlog
c:\workspace\cpp project\generic\course_schedule_pt_6_18_latest\course_schedule_pt\debug\course_s.ddf86b6d.tlog\cl.write.1.tlog
c:\workspace\cpp project\generic\course_schedule_pt_6_18_latest\course_schedule_pt\debug\course_s.ddf86b6d.tlog\link.command.1.tlog
c:\workspace\cpp project\generic\course_schedule_pt_6_18_latest\course_schedule_pt\debug\course_s.ddf86b6d.tlog\link.read.1.tlog
c:\workspace\cpp project\generic\course_schedule_pt_6_18_latest\course_schedule_pt\debug\course_s.ddf86b6d.tlog\link.write.1.tlog
c:\workspace\cpp project\generic\course_schedule_pt_6_18_latest\course_schedule_pt\debug\course_s.ddf86b6d.tlog\rc.command.1.tlog
c:\workspace\cpp project\generic\course_schedule_pt_6_18_latest\course_schedule_pt\debug\course_s.ddf86b6d.tlog\rc.read.1.tlog
c:\workspace\cpp project\generic\course_schedule_pt_6_18_latest\course_schedule_pt\debug\course_s.ddf86b6d.tlog\rc.write.1.tlog
